* using log directory ‘/mnt/Data2/DS_projects/ggmlR/ggmlR.Rcheck’
* using R version 4.3.3 (2024-02-29)
* using platform: x86_64-pc-linux-gnu (64-bit)
* R was compiled by
    gcc (Ubuntu 13.2.0-23ubuntu3) 13.2.0
    GNU Fortran (Ubuntu 13.2.0-23ubuntu3) 13.2.0
* running under: Linux Mint 22.3
* using session charset: UTF-8
* using option ‘--as-cran’
* checking for file ‘ggmlR/DESCRIPTION’ ... OK
* checking extension type ... Package
* this is package ‘ggmlR’ version ‘0.5.4’
* package encoding: UTF-8
* checking CRAN incoming feasibility ... [5s/48s] WARNING
Maintainer: ‘Yuri Baramykov <lbsbmsu@mail.ru>’

Insufficient package version (submitted: 0.5.4, existing: 0.6.1)
* checking package namespace information ... OK
* checking package dependencies ... OK
* checking if this is a source package ... OK
* checking if there is a namespace ... OK
* checking for executable files ... OK
* checking for hidden files and directories ... OK
* checking for portable file names ... OK
* checking for sufficient/correct file permissions ... OK
* checking whether package ‘ggmlR’ can be installed ... [305s/137s] WARNING
Found the following significant warnings:
  r_interface_vulkan.c:206:52: warning: ‘%d’ directive output may be truncated writing between 1 and 10 bytes into a region of size 9 [-Wformat-truncation=]
See ‘/mnt/Data2/DS_projects/ggmlR/ggmlR.Rcheck/00install.out’ for details.
* used C compiler: ‘gcc (Ubuntu 13.3.0-6ubuntu2~24.04.1) 13.3.0’
* used C++ compiler: ‘g++ (Ubuntu 13.3.0-6ubuntu2~24.04.1) 13.3.0’
* checking C++ specification ... OK
  Not all R platforms support C++17
* checking installed package size ... NOTE
  installed size is 123.1Mb
  sub-directories of 1Mb or more:
    lib   71.7Mb
    libs  49.6Mb
* checking package directory ... OK
* checking for future file timestamps ... NOTE
unable to verify current time
* checking ‘build’ directory ... OK
* checking DESCRIPTION meta-information ... OK
* checking top-level files ... OK
* checking for left-over files ... OK
* checking index information ... OK
* checking package subdirectories ... OK
* checking R files for non-ASCII characters ... OK
* checking R files for syntax errors ... OK
* checking whether the package can be loaded ... OK
* checking whether the package can be loaded with stated dependencies ... OK
* checking whether the package can be unloaded cleanly ... OK
* checking whether the namespace can be loaded with stated dependencies ... OK
* checking whether the namespace can be unloaded cleanly ... OK
* checking loading without being on the library search path ... OK
* checking startup messages can be suppressed ... OK
* checking use of S3 registration ... OK
* checking dependencies in R code ... OK
* checking S3 generic/method consistency ... OK
* checking replacement functions ... OK
* checking foreign function calls ... OK
* checking R code for possible problems ... OK
* checking Rd files ... OK
* checking Rd metadata ... OK
* checking Rd line widths ... OK
* checking Rd cross-references ... OK
* checking for missing documentation entries ... OK
* checking for code/documentation mismatches ... OK
* checking Rd \usage sections ... OK
* checking Rd contents ... OK
* checking for unstated dependencies in examples ... OK
* checking line endings in shell scripts ... OK
* checking line endings in C/C++/Fortran sources/headers ... OK
* checking line endings in Makefiles ... OK
* checking compilation flags in Makevars ... OK
* checking for GNU extensions in Makefiles ... NOTE
GNU make is a SystemRequirements.
* checking for portable use of $(BLAS_LIBS) and $(LAPACK_LIBS) ... OK
* checking use of PKG_*FLAGS in Makefiles ... OK
* checking use of SHLIB_OPENMP_*FLAGS in Makefiles ... OK
* checking pragmas in C/C++ headers and code ... OK
* checking compilation flags used ... NOTE
Compilation used the following non-portable flag(s):
  ‘-mavx’ ‘-mavx2’ ‘-mf16c’ ‘-mfma’ ‘-mno-omit-leaf-frame-pointer’
  ‘-msse3’ ‘-msse4.1’ ‘-msse4.2’ ‘-mssse3’
* checking compiled code ... NOTE
Файл ‘ggmlR/libs/ggmlR.so’:
  Нашел ‘_ZSt4cerr’, возможно, из ‘std::cerr’ (C++)
    Object: ‘ggml-vulkan/ggml-vulkan.o’
  Нашел ‘exit’, возможно, из ‘exit’ (C)
    Object: ‘ggml-vulkan/ggml-vulkan.o’


See ‘Writing portable packages’ in the ‘Writing R Extensions’ manual.
* checking installed files from ‘inst/doc’ ... OK
* checking files in ‘vignettes’ ... OK
* checking examples ... OK
* checking examples with --run-donttest ... OK
* checking for unstated dependencies in ‘tests’ ... OK
* checking tests ... OK
  Running ‘testthat.R’
* checking for unstated dependencies in vignettes ... OK
* checking package vignettes in ‘inst/doc’ ... OK
* checking re-building of vignette outputs ... OK
* checking PDF version of manual ... OK
* checking HTML version of manual ... NOTE
Skipping checking HTML validation: no command 'tidy' found
* checking for non-standard things in the check directory ... OK
* checking for detritus in the temp directory ... OK
* DONE
Status: 2 WARNINGs, 6 NOTEs
